<?xml version="1.0" encoding="UTF-8"?>
<testsuite xmlns:xsi="http://www.w3.org/2001/XMLSchema-instance" xsi:noNamespaceSchemaLocation="https://maven.apache.org/surefire/maven-surefire-plugin/xsd/surefire-test-report.xsd" name="com.example.AppTest" time="0.082" tests="6" errors="0" skipped="0" failures="0">
  <properties>
[...]
</properties>
  <testcase name="testHoareOnSortedArray" classname="com.example.AppTest" time="0.008"/>
  <testcase name="testLomutoOnRandomArray" classname="com.example.AppTest" time="0"/>
  <testcase name="testLomutoOnEmptyArray" classname="com.example.AppTest" time="0"/>
  <testcase name="testHoareOnRandomArray" classname="com.example.AppTest" time="0"/>
  <testcase name="testHoareOnEmptyArray" classname="com.example.AppTest" time="0"/>
  <testcase name="testLomutoOnSortedArray" classname="com.example.AppTest" time="0.002"/>
</testsuite>